<?xml version="1.0" encoding="UTF-8"?>
<!-- Generated by org.testng.reporters.JUnitReportReporter -->
<testsuite hostname="DESKTOP-LO5JEIJ" failures="0" tests="2" name="edubridge.nopcommerce.tests.CheckOutTest" time="5.520" errors="0" timestamp="2023-04-02T15:54:14 IST" skipped="0">
  <testcase classname="edubridge.nopcommerce.tests.CheckOutTest" name="Start_CheckOut_Success" time="2.035"/>
  <system-out/>
  <testcase classname="edubridge.nopcommerce.tests.CheckOutTest" name="Complete_CheckOut_Success" time="3.485"/>
  <system-out/>
</testsuite> <!-- edubridge.nopcommerce.tests.CheckOutTest -->
