<?xml version="1.0" encoding="UTF-8"?>
<!-- Generated by org.testng.reporters.JUnitReportReporter -->
<testsuite hostname="DESKTOP-LO5JEIJ" failures="0" tests="1" name="edubridge.nopcommerce.tests.RegisterTest" time="54.398" errors="0" timestamp="2023-04-02T15:54:14 IST" skipped="0">
  <testcase classname="edubridge.nopcommerce.tests.RegisterTest" name="Test_Register_Success" time="54.398"/>
  <system-out/>
</testsuite> <!-- edubridge.nopcommerce.tests.RegisterTest -->
