<?xml version="1.0" encoding="UTF-8"?>
<!-- Generated by org.testng.reporters.JUnitReportReporter -->
<testsuite hostname="DESKTOP-LO5JEIJ" failures="0" tests="2" name="edubridge.nopcommerce.tests.HomePageTest" time="6.099" errors="0" timestamp="2023-04-02T15:54:14 IST" skipped="0">
  <testcase classname="edubridge.nopcommerce.tests.HomePageTest" name="AddProductToCartAndCheckOut" time="1.424"/>
  <system-out/>
  <testcase classname="edubridge.nopcommerce.tests.HomePageTest" name="Test_ProductSearch_Success" time="4.675"/>
  <system-out/>
</testsuite> <!-- edubridge.nopcommerce.tests.HomePageTest -->
