<?xml version="1.0" encoding="UTF-8"?>
<!-- Generated by org.testng.reporters.JUnitReportReporter -->
<testsuite hostname="DESKTOP-LO5JEIJ" failures="0" tests="1" name="edubridge.nopcommerce.tests.LoginTest" time="2.310" errors="0" timestamp="2023-04-02T15:54:14 IST" skipped="0">
  <testcase classname="edubridge.nopcommerce.tests.LoginTest" name="Test_Login_Success" time="2.310"/>
  <system-out/>
</testsuite> <!-- edubridge.nopcommerce.tests.LoginTest -->
